app/build/intermediates/manifest_merge_blame_file/release/manifest-merger-blame-release-report.txt
1<?xml version="1.0" encoding="utf-8"?>
2<manifest xmlns:android="http://schemas.android.com/apk/res/android"
3    package="com.example.e_carorder"
4    android:versionCode="1"
5    android:versionName="1.0" >
6
7    <uses-sdk
8        android:minSdkVersion="21"
8-->src\main\AndroidManifest.xml
9        android:targetSdkVersion="29" />
9-->src\main\AndroidManifest.xml
10    <!--
11         The ACCESS_COARSE/FINE_LOCATION permissions are not required to use
12         Google Maps Android API v2, but you must specify either coarse or fine
13         location permissions for the "MyLocation" functionality.
14    -->
15    <uses-permission android:name="android.permission.INTERNET" />
15-->src\main\AndroidManifest.xml:9:5-67
15-->src\main\AndroidManifest.xml:9:22-64
16    <uses-permission android:name="android.permission.ACCESS_FINE_LOCATION" />
16-->src\main\AndroidManifest.xml:10:5-79
16-->src\main\AndroidManifest.xml:10:22-76
17    <uses-permission android:name="android.permission.CHANGE_WIFI_STATE" />
17-->src\main\AndroidManifest.xml:11:5-76
17-->src\main\AndroidManifest.xml:11:22-73
18    <uses-permission android:name="android.permission.ACCESS_WIFI_STATE" />
18-->src\main\AndroidManifest.xml:12:5-76
18-->src\main\AndroidManifest.xml:12:22-73
19
20    <!-- Include required permissions for Google Maps API to run. -->
21    <uses-permission android:name="android.permission.ACCESS_NETWORK_STATE" />
21-->[com.google.android.gms:play-services-maps:17.0.0] AndroidManifest.xml:23:5-79
21-->[com.google.android.gms:play-services-maps:17.0.0] AndroidManifest.xml:23:22-76
22
23    <uses-feature
23-->[com.google.android.gms:play-services-maps:17.0.0] AndroidManifest.xml:26:5-28:35
24        android:glEsVersion="0x00020000"
24-->[com.google.android.gms:play-services-maps:17.0.0] AndroidManifest.xml:27:9-41
25        android:required="true" />
25-->[com.google.android.gms:play-services-maps:17.0.0] AndroidManifest.xml:28:9-32
26
27    <uses-permission android:name="android.permission.WAKE_LOCK" />
27-->[com.google.android.gms:play-services-measurement:17.2.2] AndroidManifest.xml:25:5-68
27-->[com.google.android.gms:play-services-measurement:17.2.2] AndroidManifest.xml:25:22-65
28    <uses-permission android:name="com.google.android.finsky.permission.BIND_GET_INSTALL_REFERRER_SERVICE" /> <!-- Required by older versions of Google Play services to create IID tokens -->
28-->[com.google.android.gms:play-services-measurement:17.2.2] AndroidManifest.xml:26:5-110
28-->[com.google.android.gms:play-services-measurement:17.2.2] AndroidManifest.xml:26:22-107
29    <uses-permission android:name="com.google.android.c2dm.permission.RECEIVE" />
29-->[com.google.firebase:firebase-iid:20.0.2] AndroidManifest.xml:26:5-82
29-->[com.google.firebase:firebase-iid:20.0.2] AndroidManifest.xml:26:22-79
30
31    <application
31-->src\main\AndroidManifest.xml:14:5-54:19
32        android:allowBackup="true"
32-->src\main\AndroidManifest.xml:15:9-35
33        android:appComponentFactory="androidx.core.app.CoreComponentFactory"
33-->[androidx.core:core:1.1.0] AndroidManifest.xml:24:18-86
34        android:icon="@mipmap/ic_launcher"
34-->src\main\AndroidManifest.xml:16:9-43
35        android:label="@string/app_name"
35-->src\main\AndroidManifest.xml:17:9-41
36        android:roundIcon="@mipmap/ic_launcher_round"
36-->src\main\AndroidManifest.xml:18:9-54
37        android:supportsRtl="true"
37-->src\main\AndroidManifest.xml:19:9-35
38        android:theme="@style/AppTheme" >
38-->src\main\AndroidManifest.xml:20:9-40
39        <activity android:name="com.example.e_carorder.chargePointInfo.UpdateChargePointInfo3Activity" />
39-->src\main\AndroidManifest.xml:21:9-84
39-->src\main\AndroidManifest.xml:21:19-81
40        <activity android:name="com.example.e_carorder.chargePointInfo.UpdateChargePointInfo2Activity" />
40-->src\main\AndroidManifest.xml:22:9-84
40-->src\main\AndroidManifest.xml:22:19-81
41        <activity android:name="com.example.e_carorder.chargePointInfo.UpdateChargePointInfo1Activity" />
41-->src\main\AndroidManifest.xml:23:9-84
41-->src\main\AndroidManifest.xml:23:19-81
42        <activity android:name="com.example.e_carorder.chargePointInfo.ConnectorQueueActivity" />
42-->src\main\AndroidManifest.xml:24:9-76
42-->src\main\AndroidManifest.xml:24:19-73
43        <activity android:name="com.example.e_carorder.chargePointInfo.ConnectorReservationActivity" />
43-->src\main\AndroidManifest.xml:25:9-82
43-->src\main\AndroidManifest.xml:25:19-79
44        <activity android:name="com.example.e_carorder.chargePointInfo.UserInfoActivity" />
44-->src\main\AndroidManifest.xml:26:9-70
44-->src\main\AndroidManifest.xml:26:19-67
45        <activity android:name="com.example.e_carorder.chats.MessageActivity" />
45-->src\main\AndroidManifest.xml:27:9-59
45-->src\main\AndroidManifest.xml:27:19-56
46        <activity android:name="com.example.e_carorder.chats.AllUsersChatsActivity" />
46-->src\main\AndroidManifest.xml:28:9-65
46-->src\main\AndroidManifest.xml:28:19-62
47        <activity android:name="com.example.e_carorder.addChargePoint.AddChargePoint2Activity" />
47-->src\main\AndroidManifest.xml:29:9-76
47-->src\main\AndroidManifest.xml:29:19-73
48        <activity android:name="com.example.e_carorder.addChargePoint.AddChargePoint3Activity" />
48-->src\main\AndroidManifest.xml:30:9-76
48-->src\main\AndroidManifest.xml:30:19-73
49        <activity android:name="com.example.e_carorder.signInSignUp.SignInSignUpActivity" >
49-->src\main\AndroidManifest.xml:31:9-37:20
49-->src\main\AndroidManifest.xml:31:19-68
50            <intent-filter>
50-->src\main\AndroidManifest.xml:32:13-36:29
51                <action android:name="android.intent.action.MAIN" />
51-->src\main\AndroidManifest.xml:33:17-69
51-->src\main\AndroidManifest.xml:33:25-66
52
53                <category android:name="android.intent.category.LAUNCHER" />
53-->src\main\AndroidManifest.xml:35:17-77
53-->src\main\AndroidManifest.xml:35:27-74
54            </intent-filter>
55        </activity>
56        <activity android:name="com.example.e_carorder.addChargePoint.AddChargePoint4Activity" />
56-->src\main\AndroidManifest.xml:38:9-76
56-->src\main\AndroidManifest.xml:38:19-73
57        <activity android:name="com.example.e_carorder.addChargePoint.AddConnectorActivity" />
57-->src\main\AndroidManifest.xml:39:9-73
57-->src\main\AndroidManifest.xml:39:19-70
58        <activity android:name="com.example.e_carorder.chargePointInfo.ChargePointInfoActivity" />
58-->src\main\AndroidManifest.xml:40:9-77
58-->src\main\AndroidManifest.xml:40:19-74
59        <activity android:name="com.example.e_carorder.profile.EditProfileActivity" />
59-->src\main\AndroidManifest.xml:41:9-65
59-->src\main\AndroidManifest.xml:41:19-62
60        <activity android:name="com.example.e_carorder.Navigation_temporal" />
60-->src\main\AndroidManifest.xml:42:9-57
60-->src\main\AndroidManifest.xml:42:19-54
61        <!--
62             The API key for Google Maps-based APIs is defined as a string resource.
63             (See the file "res/values/google_maps_api.xml").
64             Note that the API key is linked to the encryption key used to sign the APK.
65             You need a different API key for each encryption key, including the release key that is used to
66             sign the APK for publishing.
67             You can define the keys for the debug and release targets in src/debug/ and src/release/.
68        -->
69        <meta-data
69-->src\main\AndroidManifest.xml:51:9-53:55
70            android:name="com.google.android.geo.API_KEY"
70-->src\main\AndroidManifest.xml:52:13-58
71            android:value="@string/google_maps_key" />
71-->src\main\AndroidManifest.xml:53:13-52
72
73        <activity
73-->[com.google.android.libraries.places:places:2.2.0] AndroidManifest.xml:14:9-20:20
74            android:name="com.google.android.libraries.places.widget.AutocompleteActivity"
74-->[com.google.android.libraries.places:places:2.2.0] AndroidManifest.xml:15:13-91
75            android:exported="false"
75-->[com.google.android.libraries.places:places:2.2.0] AndroidManifest.xml:16:13-37
76            android:label="@string/places_autocomplete_label"
76-->[com.google.android.libraries.places:places:2.2.0] AndroidManifest.xml:17:13-62
77            android:theme="@style/PlacesAutocompleteOverlay"
77-->[com.google.android.libraries.places:places:2.2.0] AndroidManifest.xml:18:13-61
78            android:windowSoftInputMode="adjustResize" >
78-->[com.google.android.libraries.places:places:2.2.0] AndroidManifest.xml:19:13-55
79        </activity> <!-- Needs to be explicitly declared on P+ -->
80        <uses-library
80-->[com.google.android.gms:play-services-maps:17.0.0] AndroidManifest.xml:33:9-35:40
81            android:name="org.apache.http.legacy"
81-->[com.google.android.gms:play-services-maps:17.0.0] AndroidManifest.xml:34:13-50
82            android:required="false" />
82-->[com.google.android.gms:play-services-maps:17.0.0] AndroidManifest.xml:35:13-37
83
84        <activity
84-->[com.google.firebase:firebase-auth:19.3.2] AndroidManifest.xml:24:9-31:50
85            android:name="com.google.firebase.auth.internal.FederatedSignInActivity"
85-->[com.google.firebase:firebase-auth:19.3.2] AndroidManifest.xml:25:13-85
86            android:excludeFromRecents="true"
86-->[com.google.firebase:firebase-auth:19.3.2] AndroidManifest.xml:26:13-46
87            android:exported="true"
87-->[com.google.firebase:firebase-auth:19.3.2] AndroidManifest.xml:27:13-36
88            android:launchMode="singleTask"
88-->[com.google.firebase:firebase-auth:19.3.2] AndroidManifest.xml:28:13-44
89            android:permission="com.google.firebase.auth.api.gms.permission.LAUNCH_FEDERATED_SIGN_IN"
89-->[com.google.firebase:firebase-auth:19.3.2] AndroidManifest.xml:29:13-102
90            android:theme="@android:style/Theme.Translucent.NoTitleBar" />
90-->[com.google.firebase:firebase-auth:19.3.2] AndroidManifest.xml:30:13-72
91
92        <service
92-->[com.google.firebase:firebase-auth:19.3.2] AndroidManifest.xml:33:9-39:19
93            android:name="com.google.firebase.components.ComponentDiscoveryService"
93-->[com.google.firebase:firebase-auth:19.3.2] AndroidManifest.xml:34:13-84
94            android:directBootAware="true"
94-->[com.google.firebase:firebase-common:19.3.0] AndroidManifest.xml:34:13-43
95            android:exported="false" >
95-->[com.google.firebase:firebase-auth:19.3.2] AndroidManifest.xml:35:13-37
96            <meta-data
96-->[com.google.firebase:firebase-auth:19.3.2] AndroidManifest.xml:36:13-38:85
97                android:name="com.google.firebase.components:com.google.firebase.auth.FirebaseAuthRegistrar"
97-->[com.google.firebase:firebase-auth:19.3.2] AndroidManifest.xml:37:17-109
98                android:value="com.google.firebase.components.ComponentRegistrar" />
98-->[com.google.firebase:firebase-auth:19.3.2] AndroidManifest.xml:38:17-82
99            <meta-data
99-->[com.google.firebase:firebase-firestore:21.4.2] AndroidManifest.xml:20:13-22:85
100                android:name="com.google.firebase.components:com.google.firebase.firestore.FirestoreRegistrar"
100-->[com.google.firebase:firebase-firestore:21.4.2] AndroidManifest.xml:21:17-111
101                android:value="com.google.firebase.components.ComponentRegistrar" />
101-->[com.google.firebase:firebase-firestore:21.4.2] AndroidManifest.xml:22:17-82
102            <meta-data
102-->[com.google.firebase:firebase-storage:19.1.1] AndroidManifest.xml:33:13-35:85
103                android:name="com.google.firebase.components:com.google.firebase.storage.StorageRegistrar"
103-->[com.google.firebase:firebase-storage:19.1.1] AndroidManifest.xml:34:17-107
104                android:value="com.google.firebase.components.ComponentRegistrar" />
104-->[com.google.firebase:firebase-storage:19.1.1] AndroidManifest.xml:35:17-82
105            <meta-data
105-->[com.google.firebase:firebase-database:17.0.0] AndroidManifest.xml:30:13-32:85
106                android:name="com.google.firebase.components:com.google.firebase.database.DatabaseRegistrar"
106-->[com.google.firebase:firebase-database:17.0.0] AndroidManifest.xml:31:17-109
107                android:value="com.google.firebase.components.ComponentRegistrar" />
107-->[com.google.firebase:firebase-database:17.0.0] AndroidManifest.xml:32:17-82
108            <meta-data
108-->[com.google.android.gms:play-services-measurement-api:17.2.2] AndroidManifest.xml:30:13-32:85
109                android:name="com.google.firebase.components:com.google.firebase.analytics.connector.internal.AnalyticsConnectorRegistrar"
109-->[com.google.android.gms:play-services-measurement-api:17.2.2] AndroidManifest.xml:31:17-139
110                android:value="com.google.firebase.components.ComponentRegistrar" />
110-->[com.google.android.gms:play-services-measurement-api:17.2.2] AndroidManifest.xml:32:17-82
111            <meta-data
111-->[com.google.firebase:firebase-iid:20.0.2] AndroidManifest.xml:32:13-34:85
112                android:name="com.google.firebase.components:com.google.firebase.iid.Registrar"
112-->[com.google.firebase:firebase-iid:20.0.2] AndroidManifest.xml:33:17-96
113                android:value="com.google.firebase.components.ComponentRegistrar" />
113-->[com.google.firebase:firebase-iid:20.0.2] AndroidManifest.xml:34:17-82
114        </service>
115
116        <activity
116-->[com.google.android.gms:play-services-auth:18.1.0] AndroidManifest.xml:23:9-27:75
117            android:name="com.google.android.gms.auth.api.signin.internal.SignInHubActivity"
117-->[com.google.android.gms:play-services-auth:18.1.0] AndroidManifest.xml:24:13-93
118            android:excludeFromRecents="true"
118-->[com.google.android.gms:play-services-auth:18.1.0] AndroidManifest.xml:25:13-46
119            android:exported="false"
119-->[com.google.android.gms:play-services-auth:18.1.0] AndroidManifest.xml:26:13-37
120            android:theme="@android:style/Theme.Translucent.NoTitleBar" />
120-->[com.google.android.gms:play-services-auth:18.1.0] AndroidManifest.xml:27:13-72
121        <!--
122            Service handling Google Sign-In user revocation. For apps that do not integrate with
123            Google Sign-In, this service will never be started.
124        -->
125        <service
125-->[com.google.android.gms:play-services-auth:18.1.0] AndroidManifest.xml:33:9-37:51
126            android:name="com.google.android.gms.auth.api.signin.RevocationBoundService"
126-->[com.google.android.gms:play-services-auth:18.1.0] AndroidManifest.xml:34:13-89
127            android:exported="true"
127-->[com.google.android.gms:play-services-auth:18.1.0] AndroidManifest.xml:35:13-36
128            android:permission="com.google.android.gms.auth.api.signin.permission.REVOCATION_NOTIFICATION"
128-->[com.google.android.gms:play-services-auth:18.1.0] AndroidManifest.xml:36:13-107
129            android:visibleToInstantApps="true" />
129-->[com.google.android.gms:play-services-auth:18.1.0] AndroidManifest.xml:37:13-48
130
131        <meta-data
131-->[com.firebaseui:firebase-ui-database:2.2.0] AndroidManifest.xml:14:9-16:69
132            android:name="com.google.android.gms.version"
132-->[com.firebaseui:firebase-ui-database:2.2.0] AndroidManifest.xml:15:13-58
133            android:value="@integer/google_play_services_version" />
133-->[com.firebaseui:firebase-ui-database:2.2.0] AndroidManifest.xml:16:13-66
134
135        <activity
135-->[com.sucho:placepicker:1.1.2] AndroidManifest.xml:12:9-14:67
136            android:name="com.sucho.placepicker.PlacePickerActivity"
136-->[com.sucho:placepicker:1.1.2] AndroidManifest.xml:13:13-69
137            android:label="@string/title_activity_place_picker" />
137-->[com.sucho:placepicker:1.1.2] AndroidManifest.xml:14:13-64
138
139        <receiver
139-->[com.google.android.gms:play-services-measurement:17.2.2] AndroidManifest.xml:29:9-33:20
140            android:name="com.google.android.gms.measurement.AppMeasurementReceiver"
140-->[com.google.android.gms:play-services-measurement:17.2.2] AndroidManifest.xml:30:13-85
141            android:enabled="true"
141-->[com.google.android.gms:play-services-measurement:17.2.2] AndroidManifest.xml:31:13-35
142            android:exported="false" >
142-->[com.google.android.gms:play-services-measurement:17.2.2] AndroidManifest.xml:32:13-37
143        </receiver>
144        <receiver
144-->[com.google.android.gms:play-services-measurement:17.2.2] AndroidManifest.xml:34:9-42:20
145            android:name="com.google.android.gms.measurement.AppMeasurementInstallReferrerReceiver"
145-->[com.google.android.gms:play-services-measurement:17.2.2] AndroidManifest.xml:35:13-100
146            android:enabled="true"
146-->[com.google.android.gms:play-services-measurement:17.2.2] AndroidManifest.xml:36:13-35
147            android:exported="true"
147-->[com.google.android.gms:play-services-measurement:17.2.2] AndroidManifest.xml:37:13-36
148            android:permission="android.permission.INSTALL_PACKAGES" >
148-->[com.google.android.gms:play-services-measurement:17.2.2] AndroidManifest.xml:38:13-69
149            <intent-filter>
149-->[com.google.android.gms:play-services-measurement:17.2.2] AndroidManifest.xml:39:13-41:29
150                <action android:name="com.android.vending.INSTALL_REFERRER" />
150-->[com.google.android.gms:play-services-measurement:17.2.2] AndroidManifest.xml:40:17-79
150-->[com.google.android.gms:play-services-measurement:17.2.2] AndroidManifest.xml:40:25-76
151            </intent-filter>
152        </receiver>
153
154        <service
154-->[com.google.android.gms:play-services-measurement:17.2.2] AndroidManifest.xml:44:9-47:40
155            android:name="com.google.android.gms.measurement.AppMeasurementService"
155-->[com.google.android.gms:play-services-measurement:17.2.2] AndroidManifest.xml:45:13-84
156            android:enabled="true"
156-->[com.google.android.gms:play-services-measurement:17.2.2] AndroidManifest.xml:46:13-35
157            android:exported="false" />
157-->[com.google.android.gms:play-services-measurement:17.2.2] AndroidManifest.xml:47:13-37
158        <service
158-->[com.google.android.gms:play-services-measurement:17.2.2] AndroidManifest.xml:48:9-52:72
159            android:name="com.google.android.gms.measurement.AppMeasurementJobService"
159-->[com.google.android.gms:play-services-measurement:17.2.2] AndroidManifest.xml:49:13-87
160            android:enabled="true"
160-->[com.google.android.gms:play-services-measurement:17.2.2] AndroidManifest.xml:50:13-35
161            android:exported="false"
161-->[com.google.android.gms:play-services-measurement:17.2.2] AndroidManifest.xml:51:13-37
162            android:permission="android.permission.BIND_JOB_SERVICE" />
162-->[com.google.android.gms:play-services-measurement:17.2.2] AndroidManifest.xml:52:13-69
163
164        <receiver
164-->[com.google.firebase:firebase-iid:20.0.2] AndroidManifest.xml:37:9-44:20
165            android:name="com.google.firebase.iid.FirebaseInstanceIdReceiver"
165-->[com.google.firebase:firebase-iid:20.0.2] AndroidManifest.xml:38:13-78
166            android:exported="true"
166-->[com.google.firebase:firebase-iid:20.0.2] AndroidManifest.xml:39:13-36
167            android:permission="com.google.android.c2dm.permission.SEND" >
167-->[com.google.firebase:firebase-iid:20.0.2] AndroidManifest.xml:40:13-73
168            <intent-filter>
168-->[com.google.firebase:firebase-iid:20.0.2] AndroidManifest.xml:41:13-43:29
169                <action android:name="com.google.android.c2dm.intent.RECEIVE" />
169-->[com.google.firebase:firebase-iid:20.0.2] AndroidManifest.xml:42:17-81
169-->[com.google.firebase:firebase-iid:20.0.2] AndroidManifest.xml:42:25-78
170            </intent-filter>
171        </receiver>
172
173        <provider
173-->[com.google.firebase:firebase-common:19.3.0] AndroidManifest.xml:26:9-30:39
174            android:name="com.google.firebase.provider.FirebaseInitProvider"
174-->[com.google.firebase:firebase-common:19.3.0] AndroidManifest.xml:27:13-77
175            android:authorities="com.example.e_carorder.firebaseinitprovider"
175-->[com.google.firebase:firebase-common:19.3.0] AndroidManifest.xml:28:13-72
176            android:exported="false"
176-->[com.google.firebase:firebase-common:19.3.0] AndroidManifest.xml:29:13-37
177            android:initOrder="100" />
177-->[com.google.firebase:firebase-common:19.3.0] AndroidManifest.xml:30:13-36
178
179        <activity
179-->[com.google.android.gms:play-services-base:17.1.0] AndroidManifest.xml:23:9-26:75
180            android:name="com.google.android.gms.common.api.GoogleApiActivity"
180-->[com.google.android.gms:play-services-base:17.1.0] AndroidManifest.xml:24:13-79
181            android:exported="false"
181-->[com.google.android.gms:play-services-base:17.1.0] AndroidManifest.xml:25:13-37
182            android:theme="@android:style/Theme.Translucent.NoTitleBar" />
182-->[com.google.android.gms:play-services-base:17.1.0] AndroidManifest.xml:26:13-72
183
184        <service
184-->[com.google.android.datatransport:transport-backend-cct:2.1.0] AndroidManifest.xml:29:9-35:19
185            android:name="com.google.android.datatransport.runtime.backends.TransportBackendDiscovery"
185-->[com.google.android.datatransport:transport-backend-cct:2.1.0] AndroidManifest.xml:30:13-103
186            android:exported="false" >
186-->[com.google.android.datatransport:transport-backend-cct:2.1.0] AndroidManifest.xml:31:13-37
187            <meta-data
187-->[com.google.android.datatransport:transport-backend-cct:2.1.0] AndroidManifest.xml:32:13-34:39
188                android:name="backend:com.google.android.datatransport.cct.CctBackendFactory"
188-->[com.google.android.datatransport:transport-backend-cct:2.1.0] AndroidManifest.xml:33:17-94
189                android:value="cct" />
189-->[com.google.android.datatransport:transport-backend-cct:2.1.0] AndroidManifest.xml:34:17-36
190        </service>
191        <service
191-->[com.google.android.datatransport:transport-runtime:2.1.0] AndroidManifest.xml:26:9-30:19
192            android:name="com.google.android.datatransport.runtime.scheduling.jobscheduling.JobInfoSchedulerService"
192-->[com.google.android.datatransport:transport-runtime:2.1.0] AndroidManifest.xml:27:13-117
193            android:exported="false"
193-->[com.google.android.datatransport:transport-runtime:2.1.0] AndroidManifest.xml:28:13-37
194            android:permission="android.permission.BIND_JOB_SERVICE" >
194-->[com.google.android.datatransport:transport-runtime:2.1.0] AndroidManifest.xml:29:13-69
195        </service>
196
197        <receiver
197-->[com.google.android.datatransport:transport-runtime:2.1.0] AndroidManifest.xml:32:9-34:40
198            android:name="com.google.android.datatransport.runtime.scheduling.jobscheduling.AlarmManagerSchedulerBroadcastReceiver"
198-->[com.google.android.datatransport:transport-runtime:2.1.0] AndroidManifest.xml:33:13-132
199            android:exported="false" />
199-->[com.google.android.datatransport:transport-runtime:2.1.0] AndroidManifest.xml:34:13-37
200
201        <provider
201-->[androidx.lifecycle:lifecycle-process:2.1.0] AndroidManifest.xml:23:9-27:43
202            android:name="androidx.lifecycle.ProcessLifecycleOwnerInitializer"
202-->[androidx.lifecycle:lifecycle-process:2.1.0] AndroidManifest.xml:24:13-79
203            android:authorities="com.example.e_carorder.lifecycle-process"
203-->[androidx.lifecycle:lifecycle-process:2.1.0] AndroidManifest.xml:25:13-69
204            android:exported="false"
204-->[androidx.lifecycle:lifecycle-process:2.1.0] AndroidManifest.xml:26:13-37
205            android:multiprocess="true" />
205-->[androidx.lifecycle:lifecycle-process:2.1.0] AndroidManifest.xml:27:13-40
206    </application>
207
208</manifest>